  [1m[35m (105.8ms)[0m  [1m[35mCREATE DATABASE "bakuten_development" ENCODING = 'unicode' /*application='Bakuten'*/[0m
  [1m[35mSQL (0.3ms)[0m  [1m[35mSET search_path TO public /*application='Bakuten'*/[0m
  [1m[35m (204.7ms)[0m  [1m[35mCREATE DATABASE "bakuten_development" ENCODING = 'unicode' /*application='Bakuten'*/[0m
  [1m[35mSQL (0.1ms)[0m  [1m[35mSET search_path TO public /*application='Bakuten'*/[0m
  [1m[35m (59.6ms)[0m  [1m[35mCREATE DATABASE "bakuten_test" ENCODING = 'unicode' /*application='Bakuten'*/[0m
Started GET "/" for ::1 at 2024-12-20 12:54:30 +0900
  [1m[35m (18.1ms)[0m  [1m[35mCREATE TABLE "schema_migrations" ("version" character varying NOT NULL PRIMARY KEY) /*application='Bakuten'*/[0m
  [1m[35m (2.2ms)[0m  [1m[35mCREATE TABLE "ar_internal_metadata" ("key" character varying NOT NULL PRIMARY KEY, "value" character varying, "created_at" timestamp(6) NOT NULL, "updated_at" timestamp(6) NOT NULL) /*application='Bakuten'*/[0m
  [1m[36mActiveRecord::SchemaMigration Load (1.2ms)[0m  [1m[34mSELECT "schema_migrations"."version" FROM "schema_migrations" ORDER BY "schema_migrations"."version" ASC /*application='Bakuten'*/[0m
Processing by Rails::WelcomeController#index as HTML
  Rendering /Users/omi/.rbenv/versions/3.3.6/lib/ruby/gems/3.3.0/gems/railties-8.0.1/lib/rails/templates/rails/welcome/index.html.erb
  Rendered /Users/omi/.rbenv/versions/3.3.6/lib/ruby/gems/3.3.0/gems/railties-8.0.1/lib/rails/templates/rails/welcome/index.html.erb (Duration: 0.3ms | GC: 0.0ms)
Completed 200 OK in 71ms (Views: 3.6ms | ActiveRecord: 0.0ms (0 queries, 0 cached) | GC: 0.0ms)


Started GET "/" for ::1 at 2024-12-20 13:05:20 +0900
Processing by StaticpagesController#top as HTML
  Rendering layout layouts/application.html.erb
  Rendering staticpages/top.html.erb within layouts/application
  Rendered staticpages/top.html.erb within layouts/application (Duration: 0.1ms | GC: 0.0ms)
  Rendered layout layouts/application.html.erb (Duration: 8.3ms | GC: 1.0ms)
Completed 200 OK in 46ms (Views: 9.8ms | ActiveRecord: 0.0ms (0 queries, 0 cached) | GC: 8.9ms)


Started GET "/assets/turbo.min-fae85750.js" for ::1 at 2024-12-20 13:05:20 +0900
Started GET "/assets/stimulus.min-4b1e420e.js" for ::1 at 2024-12-20 13:05:20 +0900
Started GET "/" for ::1 at 2024-12-21 13:40:39 +0900
  [1m[36mActiveRecord::SchemaMigration Load (1.1ms)[0m  [1m[34mSELECT "schema_migrations"."version" FROM "schema_migrations" ORDER BY "schema_migrations"."version" ASC /*application='Bakuten'*/[0m
Processing by StaticpagesController#top as HTML
  Rendering layout layouts/application.html.erb
  Rendering staticpages/top.html.erb within layouts/application
  Rendered staticpages/top.html.erb within layouts/application (Duration: 0.2ms | GC: 0.0ms)
  Rendered layout layouts/application.html.erb (Duration: 8.6ms | GC: 0.0ms)
Completed 200 OK in 44ms (Views: 9.8ms | ActiveRecord: 0.0ms (0 queries, 0 cached) | GC: 0.6ms)


Started GET "/" for ::1 at 2024-12-21 13:47:26 +0900
Processing by StaticpagesController#top as HTML
  Rendering layout layouts/application.html.erb
  Rendering staticpages/top.html.erb within layouts/application
  Rendered staticpages/top.html.erb within layouts/application (Duration: 0.0ms | GC: 0.0ms)
  Rendered layout layouts/application.html.erb (Duration: 0.8ms | GC: 0.0ms)
Completed 200 OK in 33ms (Views: 1.1ms | ActiveRecord: 0.0ms (0 queries, 0 cached) | GC: 0.0ms)


Started GET "/" for ::1 at 2024-12-21 13:51:34 +0900
Processing by StaticpagesController#top as HTML
  Rendering layout layouts/application.html.erb
  Rendering staticpages/top.html.erb within layouts/application
  Rendered staticpages/top.html.erb within layouts/application (Duration: 0.2ms | GC: 0.0ms)
  Rendered layout layouts/application.html.erb (Duration: 1.3ms | GC: 0.0ms)
Completed 200 OK in 22ms (Views: 2.1ms | ActiveRecord: 0.0ms (0 queries, 0 cached) | GC: 0.0ms)


Started GET "/" for ::1 at 2024-12-21 13:52:06 +0900
Processing by StaticpagesController#top as HTML
  Rendering layout layouts/application.html.erb
  Rendering staticpages/top.html.erb within layouts/application
  Rendered staticpages/top.html.erb within layouts/application (Duration: 0.1ms | GC: 0.0ms)
  Rendered shared/_header.html.erb (Duration: 0.1ms | GC: 0.0ms)
  Rendered shared/_footer.html.erb (Duration: 0.1ms | GC: 0.0ms)
  Rendered layout layouts/application.html.erb (Duration: 2.6ms | GC: 0.0ms)
Completed 200 OK in 23ms (Views: 3.2ms | ActiveRecord: 0.0ms (0 queries, 0 cached) | GC: 0.0ms)


Started GET "/about" for ::1 at 2024-12-21 13:52:08 +0900
  
ActionController::RoutingError (No route matches [GET] "/about"):
  
Started GET "/about" for ::1 at 2024-12-21 13:52:08 +0900
  
ActionController::RoutingError (No route matches [GET] "/about"):
  
Started GET "/" for ::1 at 2024-12-21 13:52:10 +0900
Processing by StaticpagesController#top as HTML
  Rendering layout layouts/application.html.erb
  Rendering staticpages/top.html.erb within layouts/application
  Rendered staticpages/top.html.erb within layouts/application (Duration: 0.0ms | GC: 0.0ms)
  Rendered shared/_header.html.erb (Duration: 0.0ms | GC: 0.0ms)
  Rendered shared/_footer.html.erb (Duration: 0.0ms | GC: 0.0ms)
  Rendered layout layouts/application.html.erb (Duration: 0.8ms | GC: 0.0ms)
Completed 200 OK in 32ms (Views: 1.1ms | ActiveRecord: 0.0ms (0 queries, 0 cached) | GC: 0.0ms)


Started GET "/contact" for ::1 at 2024-12-21 13:52:11 +0900
  
ActionController::RoutingError (No route matches [GET] "/contact"):
  
Started GET "/" for ::1 at 2024-12-21 13:52:12 +0900
Processing by StaticpagesController#top as HTML
  Rendering layout layouts/application.html.erb
  Rendering staticpages/top.html.erb within layouts/application
  Rendered staticpages/top.html.erb within layouts/application (Duration: 0.0ms | GC: 0.0ms)
  Rendered shared/_header.html.erb (Duration: 0.0ms | GC: 0.0ms)
  Rendered shared/_footer.html.erb (Duration: 0.0ms | GC: 0.0ms)
  Rendered layout layouts/application.html.erb (Duration: 1.1ms | GC: 0.3ms)
Completed 200 OK in 32ms (Views: 1.3ms | ActiveRecord: 0.0ms (0 queries, 0 cached) | GC: 0.3ms)


Started GET "/" for ::1 at 2024-12-21 13:52:13 +0900
Processing by StaticpagesController#top as HTML
  Rendering layout layouts/application.html.erb
  Rendering staticpages/top.html.erb within layouts/application
  Rendered staticpages/top.html.erb within layouts/application (Duration: 0.0ms | GC: 0.0ms)
  Rendered shared/_header.html.erb (Duration: 0.0ms | GC: 0.0ms)
  Rendered shared/_footer.html.erb (Duration: 0.0ms | GC: 0.0ms)
  Rendered layout layouts/application.html.erb (Duration: 0.9ms | GC: 0.2ms)
Completed 200 OK in 32ms (Views: 1.1ms | ActiveRecord: 0.0ms (0 queries, 0 cached) | GC: 0.2ms)


Started GET "/" for ::1 at 2024-12-21 13:52:15 +0900
Processing by StaticpagesController#top as HTML
  Rendering layout layouts/application.html.erb
  Rendering staticpages/top.html.erb within layouts/application
  Rendered staticpages/top.html.erb within layouts/application (Duration: 0.0ms | GC: 0.0ms)
  Rendered shared/_header.html.erb (Duration: 0.0ms | GC: 0.0ms)
  Rendered shared/_footer.html.erb (Duration: 0.0ms | GC: 0.0ms)
  Rendered layout layouts/application.html.erb (Duration: 0.8ms | GC: 0.0ms)
Completed 200 OK in 32ms (Views: 1.0ms | ActiveRecord: 0.0ms (0 queries, 0 cached) | GC: 0.0ms)


Started GET "/" for ::1 at 2024-12-21 13:52:15 +0900
Processing by StaticpagesController#top as HTML
  Rendering layout layouts/application.html.erb
  Rendering staticpages/top.html.erb within layouts/application
  Rendered staticpages/top.html.erb within layouts/application (Duration: 0.0ms | GC: 0.0ms)
  Rendered shared/_header.html.erb (Duration: 0.0ms | GC: 0.0ms)
  Rendered shared/_footer.html.erb (Duration: 0.0ms | GC: 0.0ms)
  Rendered layout layouts/application.html.erb (Duration: 0.7ms | GC: 0.0ms)
Completed 200 OK in 31ms (Views: 0.9ms | ActiveRecord: 0.0ms (0 queries, 0 cached) | GC: 0.0ms)


